
SQL*Loader: Release 11.2.0.2.0 - Production on Sun May 4 11:56:34 2014

Copyright (c) 1982, 2009, Oracle and/or its affiliates.  All rights reserved.

Control File:   LDalternativeIngredientName.ctl
Data File:      csv/alternativeIngredientName.csv
  Bad File:     alternativeIngredientName.bad
  Discard File:  none specified
 
 (Allow all discards)

Number to load: ALL
Number to skip: 0
Errors allowed: 50
Bind array:     64 rows, maximum of 256000 bytes
Continuation:    none specified
Path used:      Conventional

Table ALTERNATIVEINGREDIENTNAME, loaded from every logical record.
Insert option in effect for this table: INSERT

   Column Name                  Position   Len  Term Encl Datatype
------------------------------ ---------- ----- ---- ---- ---------------------
INGREDIENTID                        FIRST     *   ,  O(") CHARACTER            
NAME                                 NEXT     *   ,  O(") CHARACTER            
INGREDIENTOPTION                     NEXT     *   ,  O(") CHARACTER            


Table ALTERNATIVEINGREDIENTNAME:
  2 Rows successfully loaded.
  0 Rows not loaded due to data errors.
  0 Rows not loaded because all WHEN clauses were failed.
  0 Rows not loaded because all fields were null.


Space allocated for bind array:                  49536 bytes(64 rows)
Read   buffer bytes: 1048576

Total logical records skipped:          0
Total logical records read:             2
Total logical records rejected:         0
Total logical records discarded:        0

Run began on Sun May 04 11:56:34 2014
Run ended on Sun May 04 11:56:34 2014

Elapsed time was:     00:00:00.06
CPU time was:         00:00:00.02
